SF:lib/src/model/i_net_kit_model.dart
DA:18,4
LF:1
LH:1
end_of_record
SF:lib/src/error/api_exception.dart
DA:10,3
DA:25,3
DA:36,1
DA:38,1
DA:44,3
DA:45,3
DA:46,1
DA:47,3
DA:53,2
DA:55,4
DA:56,2
DA:60,2
DA:61,1
DA:63,1
DA:65,1
DA:71,2
DA:74,2
DA:75,1
DA:76,2
DA:84,1
DA:86,1
DA:88,3
DA:91,1
DA:92,1
LF:24
LH:24
end_of_record
SF:lib/src/manager/i_net_kit_manager.dart
DA:11,0
LF:1
LH:0
end_of_record
SF:lib/src/manager/error/error_handler.dart
DA:11,2
DA:25,2
DA:26,2
DA:27,4
DA:28,4
DA:29,2
DA:30,2
DA:34,1
DA:35,1
DA:36,1
DA:37,1
DA:38,1
DA:39,1
DA:40,1
DA:41,2
LF:15
LH:15
end_of_record
SF:lib/src/manager/net_kit_manager.dart
DA:28,2
DA:62,2
DA:65,2
DA:66,2
DA:78,0
DA:79,0
DA:81,2
DA:93,2
DA:105,6
DA:106,1
DA:108,2
DA:111,2
DA:113,2
DA:117,1
DA:129,1
DA:138,2
DA:139,1
DA:141,1
DA:145,0
DA:156,0
DA:167,0
DA:169,0
DA:173,2
DA:183,2
DA:186,6
DA:188,2
DA:190,2
DA:197,4
DA:199,0
DA:200,0
DA:202,0
DA:206,2
DA:214,2
DA:220,4
DA:221,4
DA:224,2
DA:237,2
DA:239,4
DA:249,4
DA:252,4
DA:253,0
DA:254,6
DA:257,6
DA:260,4
DA:261,0
DA:265,0
DA:267,0
DA:270,0
DA:272,0
DA:275,0
DA:277,0
DA:280,0
DA:282,0
DA:285,0
DA:287,0
DA:290,0
DA:292,0
LF:57
LH:34
end_of_record
SF:lib/src/manager/params/net_kit_params.dart
DA:6,2
LF:1
LH:1
end_of_record
SF:lib/src/utility/converters.dart
DA:9,2
DA:14,0
DA:27,1
DA:33,1
DA:37,1
DA:40,3
DA:43,1
DA:46,1
DA:50,0
DA:53,0
DA:54,0
DA:55,0
DA:65,1
DA:68,1
DA:71,0
DA:72,0
DA:73,0
LF:17
LH:9
end_of_record
